<?xml version="1.0" encoding="UTF-8"?>
<testsuite xmlns:xsi="http://www.w3.org/2001/XMLSchema-instance" xsi:noNamespaceSchemaLocation="https://maven.apache.org/surefire/maven-surefire-plugin/xsd/surefire-test-report.xsd" version="3.0.1" name="TestSuite" time="15.377" tests="12" errors="0" skipped="0" failures="1">
  <properties>
    <property name="java.specification.version" value="21"/>
    <property name="sun.cpu.isalist" value="amd64"/>
    <property name="sun.jnu.encoding" value="Cp1252"/>
    <property name="java.class.path" value="C:\Users\Lenovo\eclipse-workspace\Bank_API_Rest_Assured_Framework\target\test-classes;C:\Users\Lenovo\eclipse-workspace\Bank_API_Rest_Assured_Framework\target\classes;C:\Users\Lenovo\.m2\repository\io\rest-assured\rest-assured\5.5.0\rest-assured-5.5.0.jar;C:\Users\Lenovo\.m2\repository\org\apache\groovy\groovy\4.0.22\groovy-4.0.22.jar;C:\Users\Lenovo\.m2\repository\org\apache\groovy\groovy-xml\4.0.22\groovy-xml-4.0.22.jar;C:\Users\Lenovo\.m2\repository\org\apache\httpcomponents\httpclient\4.5.13\httpclient-4.5.13.jar;C:\Users\Lenovo\.m2\repository\org\apache\httpcomponents\httpcore\4.4.13\httpcore-4.4.13.jar;C:\Users\Lenovo\.m2\repository\commons-logging\commons-logging\1.2\commons-logging-1.2.jar;C:\Users\Lenovo\.m2\repository\commons-codec\commons-codec\1.11\commons-codec-1.11.jar;C:\Users\Lenovo\.m2\repository\org\apache\httpcomponents\httpmime\4.5.13\httpmime-4.5.13.jar;C:\Users\Lenovo\.m2\repository\org\hamcrest\hamcrest\2.2\hamcrest-2.2.jar;C:\Users\Lenovo\.m2\repository\org\ccil\cowan\tagsoup\tagsoup\1.2.1\tagsoup-1.2.1.jar;C:\Users\Lenovo\.m2\repository\io\rest-assured\json-path\5.5.0\json-path-5.5.0.jar;C:\Users\Lenovo\.m2\repository\org\apache\groovy\groovy-json\4.0.22\groovy-json-4.0.22.jar;C:\Users\Lenovo\.m2\repository\io\rest-assured\rest-assured-common\5.5.0\rest-assured-common-5.5.0.jar;C:\Users\Lenovo\.m2\repository\io\rest-assured\xml-path\5.5.0\xml-path-5.5.0.jar;C:\Users\Lenovo\.m2\repository\org\testng\testng\7.10.2\testng-7.10.2.jar;C:\Users\Lenovo\.m2\repository\org\slf4j\slf4j-api\1.7.36\slf4j-api-1.7.36.jar;C:\Users\Lenovo\.m2\repository\com\beust\jcommander\1.82\jcommander-1.82.jar;C:\Users\Lenovo\.m2\repository\org\webjars\jquery\3.7.1\jquery-3.7.1.jar;C:\Users\Lenovo\.m2\repository\org\apache\logging\log4j\log4j-core\2.24.3\log4j-core-2.24.3.jar;C:\Users\Lenovo\.m2\repository\org\apache\logging\log4j\log4j-api\2.24.3\log4j-api-2.24.3.jar;C:\Users\Lenovo\.m2\repository\com\aventstack\extentreports\5.1.2\extentreports-5.1.2.jar;C:\Users\Lenovo\.m2\repository\io\reactivex\rxjava3\rxjava\3.1.6\rxjava-3.1.6.jar;C:\Users\Lenovo\.m2\repository\org\reactivestreams\reactive-streams\1.0.4\reactive-streams-1.0.4.jar;C:\Users\Lenovo\.m2\repository\org\freemarker\freemarker\2.3.32\freemarker-2.3.32.jar;C:\Users\Lenovo\.m2\repository\org\projectlombok\lombok\1.18.26\lombok-1.18.26.jar;C:\Users\Lenovo\.m2\repository\com\google\code\gson\gson\2.10.1\gson-2.10.1.jar;C:\Users\Lenovo\.m2\repository\com\fasterxml\jackson\core\jackson-databind\2.18.2\jackson-databind-2.18.2.jar;C:\Users\Lenovo\.m2\repository\com\fasterxml\jackson\core\jackson-core\2.18.2\jackson-core-2.18.2.jar;C:\Users\Lenovo\.m2\repository\com\fasterxml\jackson\core\jackson-annotations\2.18.2\jackson-annotations-2.18.2.jar;C:\Users\Lenovo\.m2\repository\com\github\javafaker\javafaker\1.0.2\javafaker-1.0.2.jar;C:\Users\Lenovo\.m2\repository\org\apache\commons\commons-lang3\3.5\commons-lang3-3.5.jar;C:\Users\Lenovo\.m2\repository\org\yaml\snakeyaml\1.23\snakeyaml-1.23-android.jar;C:\Users\Lenovo\.m2\repository\com\github\mifmif\generex\1.0.2\generex-1.0.2.jar;C:\Users\Lenovo\.m2\repository\dk\brics\automaton\automaton\1.11-8\automaton-1.11-8.jar;"/>
    <property name="java.vm.vendor" value="Oracle Corporation"/>
    <property name="branch" value="Pune"/>
    <property name="sun.arch.data.model" value="64"/>
    <property name="user.variant" value=""/>
    <property name="java.vendor.url" value="https://java.oracle.com/"/>
    <property name="user.timezone" value="Asia/Calcutta"/>
    <property name="os.name" value="Windows 10"/>
    <property name="java.vm.specification.version" value="21"/>
    <property name="sun.java.launcher" value="SUN_STANDARD"/>
    <property name="user.country" value="US"/>
    <property name="sun.boot.library.path" value="C:\Program Files\Java\jdk-21\bin"/>
    <property name="sun.java.command" value="C:\Users\Lenovo\AppData\Local\Temp\surefire9424445236153679621\surefirebooter-20250207142532011_3.jar C:\Users\Lenovo\AppData\Local\Temp\surefire9424445236153679621 2025-02-07T14-25-31_678-jvmRun1 surefire-20250207142532011_1tmp surefire_0-20250207142532011_2tmp"/>
    <property name="jdk.debug" value="release"/>
    <property name="surefire.test.class.path" value="C:\Users\Lenovo\eclipse-workspace\Bank_API_Rest_Assured_Framework\target\test-classes;C:\Users\Lenovo\eclipse-workspace\Bank_API_Rest_Assured_Framework\target\classes;C:\Users\Lenovo\.m2\repository\io\rest-assured\rest-assured\5.5.0\rest-assured-5.5.0.jar;C:\Users\Lenovo\.m2\repository\org\apache\groovy\groovy\4.0.22\groovy-4.0.22.jar;C:\Users\Lenovo\.m2\repository\org\apache\groovy\groovy-xml\4.0.22\groovy-xml-4.0.22.jar;C:\Users\Lenovo\.m2\repository\org\apache\httpcomponents\httpclient\4.5.13\httpclient-4.5.13.jar;C:\Users\Lenovo\.m2\repository\org\apache\httpcomponents\httpcore\4.4.13\httpcore-4.4.13.jar;C:\Users\Lenovo\.m2\repository\commons-logging\commons-logging\1.2\commons-logging-1.2.jar;C:\Users\Lenovo\.m2\repository\commons-codec\commons-codec\1.11\commons-codec-1.11.jar;C:\Users\Lenovo\.m2\repository\org\apache\httpcomponents\httpmime\4.5.13\httpmime-4.5.13.jar;C:\Users\Lenovo\.m2\repository\org\hamcrest\hamcrest\2.2\hamcrest-2.2.jar;C:\Users\Lenovo\.m2\repository\org\ccil\cowan\tagsoup\tagsoup\1.2.1\tagsoup-1.2.1.jar;C:\Users\Lenovo\.m2\repository\io\rest-assured\json-path\5.5.0\json-path-5.5.0.jar;C:\Users\Lenovo\.m2\repository\org\apache\groovy\groovy-json\4.0.22\groovy-json-4.0.22.jar;C:\Users\Lenovo\.m2\repository\io\rest-assured\rest-assured-common\5.5.0\rest-assured-common-5.5.0.jar;C:\Users\Lenovo\.m2\repository\io\rest-assured\xml-path\5.5.0\xml-path-5.5.0.jar;C:\Users\Lenovo\.m2\repository\org\testng\testng\7.10.2\testng-7.10.2.jar;C:\Users\Lenovo\.m2\repository\org\slf4j\slf4j-api\1.7.36\slf4j-api-1.7.36.jar;C:\Users\Lenovo\.m2\repository\com\beust\jcommander\1.82\jcommander-1.82.jar;C:\Users\Lenovo\.m2\repository\org\webjars\jquery\3.7.1\jquery-3.7.1.jar;C:\Users\Lenovo\.m2\repository\org\apache\logging\log4j\log4j-core\2.24.3\log4j-core-2.24.3.jar;C:\Users\Lenovo\.m2\repository\org\apache\logging\log4j\log4j-api\2.24.3\log4j-api-2.24.3.jar;C:\Users\Lenovo\.m2\repository\com\aventstack\extentreports\5.1.2\extentreports-5.1.2.jar;C:\Users\Lenovo\.m2\repository\io\reactivex\rxjava3\rxjava\3.1.6\rxjava-3.1.6.jar;C:\Users\Lenovo\.m2\repository\org\reactivestreams\reactive-streams\1.0.4\reactive-streams-1.0.4.jar;C:\Users\Lenovo\.m2\repository\org\freemarker\freemarker\2.3.32\freemarker-2.3.32.jar;C:\Users\Lenovo\.m2\repository\org\projectlombok\lombok\1.18.26\lombok-1.18.26.jar;C:\Users\Lenovo\.m2\repository\com\google\code\gson\gson\2.10.1\gson-2.10.1.jar;C:\Users\Lenovo\.m2\repository\com\fasterxml\jackson\core\jackson-databind\2.18.2\jackson-databind-2.18.2.jar;C:\Users\Lenovo\.m2\repository\com\fasterxml\jackson\core\jackson-core\2.18.2\jackson-core-2.18.2.jar;C:\Users\Lenovo\.m2\repository\com\fasterxml\jackson\core\jackson-annotations\2.18.2\jackson-annotations-2.18.2.jar;C:\Users\Lenovo\.m2\repository\com\github\javafaker\javafaker\1.0.2\javafaker-1.0.2.jar;C:\Users\Lenovo\.m2\repository\org\apache\commons\commons-lang3\3.5\commons-lang3-3.5.jar;C:\Users\Lenovo\.m2\repository\org\yaml\snakeyaml\1.23\snakeyaml-1.23-android.jar;C:\Users\Lenovo\.m2\repository\com\github\mifmif\generex\1.0.2\generex-1.0.2.jar;C:\Users\Lenovo\.m2\repository\dk\brics\automaton\automaton\1.11-8\automaton-1.11-8.jar;"/>
    <property name="sun.cpu.endian" value="little"/>
    <property name="user.home" value="C:\Users\Lenovo"/>
    <property name="user.language" value="en"/>
    <property name="accountType" value="SAVINGS"/>
    <property name="userFullName" value="Prathamesh Dhasade"/>
    <property name="java.specification.vendor" value="Oracle Corporation"/>
    <property name="java.version.date" value="2024-07-16"/>
    <property name="java.home" value="C:\Program Files\Java\jdk-21"/>
    <property name="file.separator" value="\"/>
    <property name="basedir" value="C:\Users\Lenovo\eclipse-workspace\Bank_API_Rest_Assured_Framework"/>
    <property name="java.vm.compressedOopsMode" value="32-bit"/>
    <property name="line.separator" value="&#10;"/>
    <property name="java.vm.specification.vendor" value="Oracle Corporation"/>
    <property name="java.specification.name" value="Java Platform API Specification"/>
    <property name="surefire.real.class.path" value="C:\Users\Lenovo\AppData\Local\Temp\surefire9424445236153679621\surefirebooter-20250207142532011_3.jar"/>
    <property name="user.script" value=""/>
    <property name="sun.management.compiler" value="HotSpot 64-Bit Tiered Compilers"/>
    <property name="java.runtime.version" value="21.0.4+8-LTS-274"/>
    <property name="user.name" value="Lenovo"/>
    <property name="stdout.encoding" value="Cp1252"/>
    <property name="path.separator" value=";"/>
    <property name="os.version" value="10.0"/>
    <property name="accountStatus" value="ACTIVE"/>
    <property name="java.runtime.name" value="Java(TM) SE Runtime Environment"/>
    <property name="file.encoding" value="UTF-8"/>
    <property name="java.vm.name" value="Java HotSpot(TM) 64-Bit Server VM"/>
    <property name="localRepository" value="C:\Users\Lenovo\.m2\repository"/>
    <property name="java.vendor.url.bug" value="https://bugreport.java.com/bugreport/"/>
    <property name="java.io.tmpdir" value="C:\Users\Lenovo\AppData\Local\Temp\"/>
    <property name="java.version" value="21.0.4"/>
    <property name="user.dir" value="C:\Users\Lenovo\eclipse-workspace\Bank_API_Rest_Assured_Framework"/>
    <property name="os.arch" value="amd64"/>
    <property name="java.vm.specification.name" value="Java Virtual Machine Specification"/>
    <property name="env" value="dev"/>
    <property name="accountNumber" value="8918546530"/>
    <property name="sun.os.patch.level" value=""/>
    <property name="native.encoding" value="Cp1252"/>
    <property name="java.library.path" value="C:\Program Files\Java\jdk-21\bin;C:\Windows\Sun\Java\bin;C:\Windows\system32;C:\Windows;C:\Program Files\Common Files\Oracle\Java\javapath;C:\Windows\system32;C:\Windows;C:\Windows\System32\Wbem;C:\Windows\System32\WindowsPowerShell\v1.0\;C:\Windows\System32\OpenSSH\;C:\Users\Lenovo\Downloads\apache-maven-3.9.9-bin\apache-maven-3.9.9\bin;C:\Users\Lenovo\Downloads\apache-maven-3.9.9-bin\apache-maven-3.9.9;C:\Program Files\Android\Android Studio\bin;C:\Users\Lenovo\AppData\Local\Android\Sdk\platform-tools;C:\Users\Lenovo\AppData\Local\Android\Sdk\tools;C:\Users\Lenovo\AppData\Local\Android\Sdk\build-tools;C:\Users\Lenovo\Downloads\flutter_windows_3.13.9-stable\flutter\bin;C:\Users\Lenovo\AppData\Local\Android\Sdk\platforms;C:\Users\Lenovo\AppData\Local\Android\Sdk\tools\bin;C:\Users\Lenovo\Downloads\allure-2.24.1\allure-2.24.1\bin;C:\Program Files\Java\jdk-21\bin;C:\Program Files\Git\cmd;C:\Program Files\nodejs\;C:\Program Files\MySQL\MySQL Shell 8.0\bin\;C:\Users\Lenovo\AppData\Local\Microsoft\WindowsApps;C:\Program Files\JetBrains\IntelliJ IDEA 2023.3.4\bin;C:\Program Files\JetBrains\IntelliJ IDEA Community Edition 2024.2.1\bin;C:\Users\Lenovo\Downloads\scrcpy-win64-v2.3.1\scrcpy-win64-v2.3.1;C:\Users\Lenovo\AppData\Roaming\npm;C:\Users\Lenovo\AppData\Local\Programs\Microsoft VS Code\bin;."/>
    <property name="suite" value="testng"/>
    <property name="java.vm.info" value="mixed mode, sharing"/>
    <property name="stderr.encoding" value="Cp1252"/>
    <property name="java.vendor" value="Oracle Corporation"/>
    <property name="java.vm.version" value="21.0.4+8-LTS-274"/>
    <property name="sun.io.unicode.encoding" value="UnicodeLittle"/>
    <property name="java.class.version" value="65.0"/>
    <property name="accountBalance" value="0.0"/>
  </properties>
  <testcase name="testSignUp_alreadyExistUser" classname="com.bank.api.tests.AuthenticationTests" time="2.976">
    <system-out><![CDATA[Error: Username is already taken!
]]></system-out>
    <system-err><![CDATA[SLF4J: Failed to load class "org.slf4j.impl.StaticLoggerBinder".
SLF4J: Defaulting to no-operation (NOP) logger implementation
SLF4J: See http://www.slf4j.org/codes.html#StaticLoggerBinder for further details.
]]></system-err>
  </testcase>
  <testcase name="testLogin_invalidCredentials" classname="com.bank.api.tests.AuthenticationTests" time="1.474">
    <system-out><![CDATA[{
    "timestamp": "2025-02-07 08:55:40",
    "status": 401,
    "error": "Invalid Credentials",
    "message": "The username or password you entered is incorrect",
    "path": "uri=/api/auth/login",
    "solution": "Please check your credentials and try again",
    "errorCode": "AUTH_002"
}
]]></system-out>
  </testcase>
  <testcase name="testLogin_validCredentials" classname="com.bank.api.tests.AuthenticationTests" time="0.394">
    <system-out><![CDATA[{
    "token": "eyJhbGciOiJIUzI1NiJ9.eyJzdWIiOiJQcmF0aGFtOTkiLCJpYXQiOjE3Mzg5MTg1NDIsImV4cCI6MTczODkyMjE0Mn0.p7cxRaizTgUOLHXNxbyJnP9esBzJhwDRgpAukrBJ50c",
    "type": "Bearer",
    "id": 3,
    "username": "Pratham99",
    "email": "prathameshdhasade99@gmail.com",
    "roles": [
        "ROLE_USER"
    ]
}
]]></system-out>
  </testcase>
  <testcase name="testForgotPassword_validEmail" classname="com.bank.api.tests.AuthenticationTests" time="0.744">
    <system-out><![CDATA[{
    "token": "eyJhbGciOiJIUzI1NiJ9.eyJzdWIiOiJQcmF0aGFtOTkiLCJpYXQiOjE3Mzg5MTg1NDIsImV4cCI6MTczODkyMjE0Mn0.p7cxRaizTgUOLHXNxbyJnP9esBzJhwDRgpAukrBJ50c",
    "type": "Bearer",
    "id": 3,
    "username": "Pratham99",
    "email": "prathameshdhasade99@gmail.com",
    "roles": [
        "ROLE_USER"
    ]
}
{
    "message": "If your email exists in our system, you will receive reset instructions."
}
]]></system-out>
  </testcase>
  <testcase name="verifyGetUserProfile" classname="com.bank.api.tests.UserProfileManagementTests" time="0.558">
    <system-out><![CDATA[{
    "token": "eyJhbGciOiJIUzI1NiJ9.eyJzdWIiOiJQcmF0aGFtOTkiLCJpYXQiOjE3Mzg5MTg1NDMsImV4cCI6MTczODkyMjE0M30.4N0o4MQpFhPzWYQcAfKlE8-fZPyWkgwSvghCs8Sl8Oc",
    "type": "Bearer",
    "id": 3,
    "username": "Pratham99",
    "email": "prathameshdhasade99@gmail.com",
    "roles": [
        "ROLE_USER"
    ]
}
{
    "id": 3,
    "username": "Pratham99",
    "email": "prathameshdhasade99@gmail.com",
    "firstName": "Prathamesh",
    "lastName": "Dhasade",
    "mobileNumber": "9834530434"
}
]]></system-out>
  </testcase>
  <testcase name="verifyUpdateUserProfileWithPutRequest" classname="com.bank.api.tests.UserProfileManagementTests" time="0.52">
    <system-out><![CDATA[{
    "token": "eyJhbGciOiJIUzI1NiJ9.eyJzdWIiOiJQcmF0aGFtOTkiLCJpYXQiOjE3Mzg5MTg1NDMsImV4cCI6MTczODkyMjE0M30.4N0o4MQpFhPzWYQcAfKlE8-fZPyWkgwSvghCs8Sl8Oc",
    "type": "Bearer",
    "id": 3,
    "username": "Pratham99",
    "email": "prathameshdhasade99@gmail.com",
    "roles": [
        "ROLE_USER"
    ]
}
{
    "id": 3,
    "username": "Pratham99",
    "email": "prathameshdhasade99@gmail.com",
    "firstName": "Prathamesh",
    "lastName": "Dhasade",
    "mobileNumber": "9834530434"
}
]]></system-out>
  </testcase>
  <testcase name="verifyUpdateUserProfileWithPatchRequest" classname="com.bank.api.tests.UserProfileManagementTests" time="0.478">
    <system-out><![CDATA[{
    "token": "eyJhbGciOiJIUzI1NiJ9.eyJzdWIiOiJQcmF0aGFtOTkiLCJpYXQiOjE3Mzg5MTg1NDQsImV4cCI6MTczODkyMjE0NH0.KlnFuziRmKlUIhMhGwTa1LQ_aze66qwDdqWiLLJIfIw",
    "type": "Bearer",
    "id": 3,
    "username": "Pratham99",
    "email": "prathameshdhasade99@gmail.com",
    "roles": [
        "ROLE_USER"
    ]
}
{
    "id": 3,
    "username": "Pratham99",
    "email": "prathameshdhasade99@gmail.com",
    "firstName": "Prathamesh",
    "lastName": "Dhasade",
    "mobileNumber": "9834530434"
}
]]></system-out>
  </testcase>
  <testcase name="verifyChangePassword" classname="com.bank.api.tests.UserProfileManagementTests" time="0.859">
    <system-out><![CDATA[{
    "token": "eyJhbGciOiJIUzI1NiJ9.eyJzdWIiOiJQcmF0aGFtOTkiLCJpYXQiOjE3Mzg5MTg1NDQsImV4cCI6MTczODkyMjE0NH0.KlnFuziRmKlUIhMhGwTa1LQ_aze66qwDdqWiLLJIfIw",
    "type": "Bearer",
    "id": 3,
    "username": "Pratham99",
    "email": "prathameshdhasade99@gmail.com",
    "roles": [
        "ROLE_USER"
    ]
}

]]></system-out>
  </testcase>
  <testcase name="verifyDeleteUserProfile" classname="com.bank.api.tests.UserProfileManagementTests" time="0.554">
    <failure message="expected [User profile deleted successfully] but found [{&#10;    &quot;timestamp&quot;: &quot;2025-02-07 08:55:45&quot;,&#10;    &quot;status&quot;: 500,&#10;    &quot;error&quot;: &quot;System Error&quot;,&#10;    &quot;message&quot;: &quot;An unexpected error occurred&quot;,&#10;    &quot;path&quot;: &quot;uri=/api/users/profile&quot;,&#10;    &quot;solution&quot;: &quot;Please try again later or contact support&quot;,&#10;    &quot;errorCode&quot;: &quot;SYS_001&quot;&#10;}]" type="java.lang.AssertionError"><![CDATA[java.lang.AssertionError: 
expected [User profile deleted successfully] but found [{
    "timestamp": "2025-02-07 08:55:45",
    "status": 500,
    "error": "System Error",
    "message": "An unexpected error occurred",
    "path": "uri=/api/users/profile",
    "solution": "Please try again later or contact support",
    "errorCode": "SYS_001"
}]
	at org.testng.Assert.fail(Assert.java:111)
	at org.testng.Assert.failNotEquals(Assert.java:1578)
	at org.testng.Assert.assertEqualsImpl(Assert.java:150)
	at org.testng.Assert.assertEquals(Assert.java:132)
	at org.testng.Assert.assertEquals(Assert.java:656)
	at org.testng.Assert.assertEquals(Assert.java:666)
	at com.bank.api.tests.UserProfileManagementTests.verifyDeleteUserProfile(UserProfileManagementTests.java:143)
	at java.base/jdk.internal.reflect.DirectMethodHandleAccessor.invoke(DirectMethodHandleAccessor.java:103)
	at java.base/java.lang.reflect.Method.invoke(Method.java:580)
	at org.testng.internal.invokers.MethodInvocationHelper.invokeMethod(MethodInvocationHelper.java:141)
	at org.testng.internal.invokers.TestInvoker.invokeMethod(TestInvoker.java:686)
	at org.testng.internal.invokers.TestInvoker.invokeTestMethod(TestInvoker.java:230)
	at org.testng.internal.invokers.MethodRunner.runInSequence(MethodRunner.java:63)
	at org.testng.internal.invokers.TestInvoker$MethodInvocationAgent.invoke(TestInvoker.java:992)
	at org.testng.internal.invokers.TestInvoker.invokeTestMethods(TestInvoker.java:203)
	at org.testng.internal.invokers.TestMethodWorker.invokeTestMethods(TestMethodWorker.java:154)
	at org.testng.internal.invokers.TestMethodWorker.run(TestMethodWorker.java:134)
	at java.base/java.util.ArrayList.forEach(ArrayList.java:1596)
	at org.testng.TestRunner.privateRun(TestRunner.java:739)
	at org.testng.TestRunner.run(TestRunner.java:614)
	at org.testng.SuiteRunner.runTest(SuiteRunner.java:421)
	at org.testng.SuiteRunner.runSequentially(SuiteRunner.java:413)
	at org.testng.SuiteRunner.privateRun(SuiteRunner.java:373)
	at org.testng.SuiteRunner.run(SuiteRunner.java:312)
	at org.testng.SuiteRunnerWorker.runSuite(SuiteRunnerWorker.java:52)
	at org.testng.SuiteRunnerWorker.run(SuiteRunnerWorker.java:95)
	at org.testng.TestNG.runSuitesSequentially(TestNG.java:1274)
	at org.testng.TestNG.runSuitesLocally(TestNG.java:1208)
	at org.testng.TestNG.runSuites(TestNG.java:1112)
	at org.testng.TestNG.run(TestNG.java:1079)
	at org.apache.maven.surefire.testng.TestNGExecutor.run(TestNGExecutor.java:308)
	at org.apache.maven.surefire.testng.TestNGXmlTestSuite.execute(TestNGXmlTestSuite.java:71)
	at org.apache.maven.surefire.testng.TestNGProvider.invoke(TestNGProvider.java:113)
	at org.apache.maven.surefire.booter.ForkedBooter.runSuitesInProcess(ForkedBooter.java:385)
	at org.apache.maven.surefire.booter.ForkedBooter.execute(ForkedBooter.java:162)
	at org.apache.maven.surefire.booter.ForkedBooter.run(ForkedBooter.java:507)
	at org.apache.maven.surefire.booter.ForkedBooter.main(ForkedBooter.java:495)
]]></failure>
    <system-out><![CDATA[{
    "token": "eyJhbGciOiJIUzI1NiJ9.eyJzdWIiOiJQcmF0aGFtOTkiLCJpYXQiOjE3Mzg5MTg1NDUsImV4cCI6MTczODkyMjE0NX0.0iqZz7QHxDLjLfX0BjcRhfcGuyooFVp2S5XUe2F7CNo",
    "type": "Bearer",
    "id": 3,
    "username": "Pratham99",
    "email": "prathameshdhasade99@gmail.com",
    "roles": [
        "ROLE_USER"
    ]
}
{
    "timestamp": "2025-02-07 08:55:45",
    "status": 500,
    "error": "System Error",
    "message": "An unexpected error occurred",
    "path": "uri=/api/users/profile",
    "solution": "Please try again later or contact support",
    "errorCode": "SYS_001"
}
]]></system-out>
  </testcase>
  <testcase name="verifyCreateUserAccount" classname="com.bank.api.tests.AccountTests" time="0.558">
    <system-out><![CDATA[{
    "token": "eyJhbGciOiJIUzI1NiJ9.eyJzdWIiOiJQcmF0aGFtOTkiLCJpYXQiOjE3Mzg5MTg1NDYsImV4cCI6MTczODkyMjE0Nn0.vSnuIcWJOQRitGI6AwevWdkGvAaWaNrVGoYcdJnn9ks",
    "type": "Bearer",
    "id": 3,
    "username": "Pratham99",
    "email": "prathameshdhasade99@gmail.com",
    "roles": [
        "ROLE_USER"
    ]
}
{
    "accountNumber": "8918546530",
    "accountType": "SAVINGS",
    "balance": 0,
    "status": "ACTIVE",
    "branch": "Pune",
    "createdAt": "2025-02-07T08:55:46.530469646",
    "ownerName": "Prathamesh Dhasade"
}
]]></system-out>
  </testcase>
  <testcase name="verifyGetUserAccountByAccountNumber" classname="com.bank.api.tests.AccountTests" time="0.494">
    <system-out><![CDATA[{
    "token": "eyJhbGciOiJIUzI1NiJ9.eyJzdWIiOiJQcmF0aGFtOTkiLCJpYXQiOjE3Mzg5MTg1NDYsImV4cCI6MTczODkyMjE0Nn0.vSnuIcWJOQRitGI6AwevWdkGvAaWaNrVGoYcdJnn9ks",
    "type": "Bearer",
    "id": 3,
    "username": "Pratham99",
    "email": "prathameshdhasade99@gmail.com",
    "roles": [
        "ROLE_USER"
    ]
}
{
    "accountNumber": "8918546530",
    "accountType": "SAVINGS",
    "balance": 0.00,
    "status": "ACTIVE",
    "branch": "Pune",
    "createdAt": "2025-02-07T08:55:46.53047",
    "ownerName": "Prathamesh Dhasade"
}
]]></system-out>
  </testcase>
  <testcase name="verifyGetUserAccounts" classname="com.bank.api.tests.AccountTests" time="0.446">
    <system-out><![CDATA[{
    "token": "eyJhbGciOiJIUzI1NiJ9.eyJzdWIiOiJQcmF0aGFtOTkiLCJpYXQiOjE3Mzg5MTg1NDcsImV4cCI6MTczODkyMjE0N30.xUrtAuAdPZsdNc-PdE6XAAXcBXrAKbjNomFoNSOMWIE",
    "type": "Bearer",
    "id": 3,
    "username": "Pratham99",
    "email": "prathameshdhasade99@gmail.com",
    "roles": [
        "ROLE_USER"
    ]
}
[
    {
        "accountNumber": "8917885655",
        "accountType": "SAVINGS",
        "balance": 0.00,
        "status": "ACTIVE",
        "branch": "Pune",
        "createdAt": "2025-02-07T08:44:45.655229",
        "ownerName": "Prathamesh Dhasade"
    },
    {
        "accountNumber": "8917952055",
        "accountType": "CURRENT",
        "balance": 0.00,
        "status": "ACTIVE",
        "branch": "Pune",
        "createdAt": "2025-02-07T08:45:52.055416",
        "ownerName": "Prathamesh Dhasade"
    },
    {
        "accountNumber": "8917970091",
        "accountType": "CURRENT",
        "balance": 0.00,
        "status": "ACTIVE",
        "branch": "Pune",
        "createdAt": "2025-02-07T08:46:10.091826",
        "ownerName": "Prathamesh Dhasade"
    },
    {
        "accountNumber": "8918010487",
        "accountType": "CURRENT",
        "balance": 0.00,
        "status": "ACTIVE",
        "branch": "Pune",
        "createdAt": "2025-02-07T08:46:50.48783",
        "ownerName": "Prathamesh Dhasade"
    },
    {
        "accountNumber": "8918546530",
        "accountType": "SAVINGS",
        "balance": 0.00,
        "status": "ACTIVE",
        "branch": "Pune",
        "createdAt": "2025-02-07T08:55:46.53047",
        "ownerName": "Prathamesh Dhasade"
    }
]
]]></system-out>
  </testcase>
</testsuite>