<?xml version="1.0" encoding="UTF-8"?>
<!-- Generated by org.testng.reporters.JUnitReportReporter -->
<testsuite hostname="DESKTOP-BG83L86" failures="0" tests="2" name="com.bank.api.tests.AuthenticationTests" time="2.505" errors="0" timestamp="2024-12-23T22:29:45 IST" skipped="0">
  <testcase classname="com.bank.api.tests.AuthenticationTests" name="verifySignUpWithValidData" time="2.109"/>
  <testcase classname="com.bank.api.tests.AuthenticationTests" name="verifyLoginWithValidCredentials" time="0.396"/>
</testsuite> <!-- com.bank.api.tests.AuthenticationTests -->
