<?xml version="1.0" encoding="UTF-8"?>
<!-- Generated by org.testng.reporters.JUnitReportReporter -->
<testsuite hostname="DESKTOP-BG83L86" failures="0" tests="2" name="com.bank.api.tests.AccountTests" time="2.911" errors="0" timestamp="2025-02-07T14:16:51 IST" skipped="0">
  <testcase classname="com.bank.api.tests.AccountTests" name="verifyCreateUserAccount" time="2.367"/>
  <testcase classname="com.bank.api.tests.AccountTests" name="verifyGetUserAccounts" time="0.544"/>
</testsuite> <!-- com.bank.api.tests.AccountTests -->
