<?xml version="1.0" encoding="UTF-8"?>
<!-- Generated by org.testng.reporters.JUnitReportReporter -->
<testsuite hostname="DESKTOP-BG83L86" failures="0" tests="1" name="com.bank.api.tests.UserProfileManagementTests" time="5.132" errors="0" timestamp="2025-02-07T13:49:06 IST" skipped="0">
  <testcase classname="com.bank.api.tests.UserProfileManagementTests" name="verifyGetUserProfile" time="5.132"/>
</testsuite> <!-- com.bank.api.tests.UserProfileManagementTests -->
