<?xml version="1.0" encoding="UTF-8"?>
<!-- Generated by org.testng.reporters.JUnitReportReporter -->
<testsuite hostname="DESKTOP-BG83L86" failures="0" tests="5" name="com.bank.api.tests.AuthenticationTests" time="3.436" errors="0" timestamp="2024-12-29T15:48:32 IST" skipped="1">
  <testcase classname="com.bank.api.tests.AuthenticationTests" name="verifySignUpWithAlreadyExistUser" time="1.896"/>
  <testcase classname="com.bank.api.tests.AuthenticationTests" name="verifyLoginWithInvalidCredentials" time="0.887"/>
  <testcase classname="com.bank.api.tests.AuthenticationTests" name="verifyLoginWithValidCredentials" time="0.412"/>
  <testcase classname="com.bank.api.tests.AuthenticationTests" name="verifyForgotPasswordWithValidEmail" time="0.241"/>
  <testcase classname="com.bank.api.tests.AuthenticationTests" name="verifySignUpWithValidData">
    <skipped/>
  </testcase> <!-- verifySignUpWithValidData -->
</testsuite> <!-- com.bank.api.tests.AuthenticationTests -->
