<?xml version="1.0" encoding="UTF-8"?>
<!-- Generated by org.testng.reporters.JUnitReportReporter -->
<testsuite hostname="DESKTOP-BG83L86" failures="0" tests="2" name="com.bank.api.tests.AuthenticationTests" time="4.046" errors="0" timestamp="2025-02-07T13:59:37 IST" skipped="1">
  <testcase classname="com.bank.api.tests.AuthenticationTests" name="testForgotPassword_validEmail" time="4.046"/>
  <testcase classname="com.bank.api.tests.AuthenticationTests" name="testSignUp_validData">
    <skipped/>
  </testcase> <!-- testSignUp_validData -->
</testsuite> <!-- com.bank.api.tests.AuthenticationTests -->
