<?xml version="1.0" encoding="UTF-8"?>
<!-- Generated by org.testng.reporters.JUnitReportReporter -->
<testsuite hostname="DESKTOP-BG83L86" failures="0" tests="3" name="com.bank.api.tests.AccountTests" time="0.894" errors="0" timestamp="2024-12-29T15:48:32 IST" skipped="0">
  <testcase classname="com.bank.api.tests.AccountTests" name="verifyCreateUserAccount" time="0.537"/>
  <testcase classname="com.bank.api.tests.AccountTests" name="verifyGetUserAccountByAccountNumber" time="0.152"/>
  <testcase classname="com.bank.api.tests.AccountTests" name="verifyGetUserAccounts" time="0.205"/>
</testsuite> <!-- com.bank.api.tests.AccountTests -->
