<?xml version="1.0" encoding="UTF-8"?>
<!-- Generated by org.testng.reporters.JUnitReportReporter -->
<testsuite hostname="DESKTOP-BG83L86" failures="0" tests="3" name="com.bank.api.tests.AccountTests" time="1.497" errors="0" timestamp="2025-02-07T14:25:49 IST" skipped="0">
  <testcase classname="com.bank.api.tests.AccountTests" name="verifyCreateUserAccount" time="0.557"/>
  <testcase classname="com.bank.api.tests.AccountTests" name="verifyGetUserAccountByAccountNumber" time="0.493"/>
  <testcase classname="com.bank.api.tests.AccountTests" name="verifyGetUserAccounts" time="0.447"/>
</testsuite> <!-- com.bank.api.tests.AccountTests -->
