<?xml version="1.0" encoding="UTF-8"?>
<!-- Generated by org.testng.reporters.JUnitReportReporter -->
<testsuite hostname="DESKTOP-BG83L86" failures="0" tests="5" name="com.bank.api.tests.AuthenticationTests" time="5.617" errors="0" timestamp="2025-02-07T14:25:49 IST" skipped="1">
  <testcase classname="com.bank.api.tests.AuthenticationTests" name="testSignUp_alreadyExistUser" time="2.979"/>
  <testcase classname="com.bank.api.tests.AuthenticationTests" name="testLogin_invalidCredentials" time="1.499"/>
  <testcase classname="com.bank.api.tests.AuthenticationTests" name="testLogin_validCredentials" time="0.396"/>
  <testcase classname="com.bank.api.tests.AuthenticationTests" name="testForgotPassword_validEmail" time="0.743"/>
  <testcase classname="com.bank.api.tests.AuthenticationTests" name="testSignUp_validData">
    <skipped/>
  </testcase> <!-- testSignUp_validData -->
</testsuite> <!-- com.bank.api.tests.AuthenticationTests -->
